[   0.0000] Initializing cgroup subsys cpuset
[    0.000000] Initializing cgroup subsys cpu
[    0.000000] Itializnggroup subsys cpuacct
[   0.000]Liux vrsn .4.0-116-gerc (buildd@lgw01-amd64-021) (gcc version 5.4.0 20160609 (Ubuntu 5.4.0-6ubuntu1~16.049)) 140-buu P Mon eb2 1:23:04 UTC 2018 (Ubuntu 4.4.0-116.140-generic 4.4.98)
[    0.000000] Command line: BOOT_IMAGE=/boot/vmlinuz-4.4.0-116-generic root=LABEL=cloudimg-rootfs ro console=tty1 console=ttyS0
[    0.000000] KERNEL supported cpus:
[    0.000000]   Intel GenuineIntel
[    0.000000]   AMD AuthenticAMD
[    0.000000]   Centaur CentaurHauls
[    0.000000] x86/fpu: xstate_offset[2]  6,xstae_ze2]:  256
[  00000] 6/u: Suporng XSAVE feature 0x01: 'x87 floating point registers'
[    0.000000] x86/fpu: Supporting XSAVE feature 0x02: 'SSE registers'
[    0.000000] x86/fpu: Supporting XSAVE feature 0x04: 'AVX registers'
[    0.000000] x86/fpu: Enabled xstate features 0x7, context size is 832 bytes, using 'standard' format.
[    0.000000] x86/fpu: Using 'lazy' FPU context switches.
[    0.000000] e820: BIOS-provided physical RAM map:
[    0.000000] BIOS-e820: [mem 0x0000000000000000-0x000000000009fbff] usable
[    0.000000] BIOS-e820: [mem 0x000000000009fc00-0x000000000009ffff] reserved
[    0.000000] BIOS-e820: [mem 0x00000000000f0000-0x00000000000fffff] reserved
[    0.000000] BIOS-e820: [mem 0x0000000000100000-0x000000003ffeffff] usable
[    0.000000] BIOS-e820: [mem 0x000000003fff0000-0x0000003ffff] PIata
[    0.00000]IO-e82: em0x00000fec0000-0x0000000fec00fff] reserved
[    0.000000] BIOS-e820: [mem 0x00000000fee00000-0x000000000e00ff]eserved
[    0.000000] BIOS-e820: [mem 0x00000000fffc0000-0x00000000ffffffff] reserved
[    0.000000] NX (Execute Disable) protection: active
[    0.000000] SMBIOS 2.5 present.
[    0.000000] Hypervisor detected: KVM
[    0.000000] e820: last_pfn = 0x3fff0 max_arch_pfn = 0x400000000
[    0.00000] MRRDibled
  0.0000] 6/T: MTRs saled,skpping PT intialization too.
[    0.0000CPU MTRslllank- rtliize ste.
[  000000] x6/T:onfiguration [0-]:B WT  UCUCWB WT U U 
[   00000] fndSMP MP-tlet mem 0x0009fff0-00ffff] apd t [fff88009fff0]  0.0000 Snnin 1res fo l mmory crrupio
[   000000] RAMDISK: [mem 0x36ac2000-0x37558fff]
[    0.000000] ACPI: Early table checksum verification disabled
[    0.000000] ACPI: RSDP 0x00000000000E0000 000024 (v02 VBOX  )
[    0.000000] ACPI: XSDT 0x000000003FFF0030 00003C (v01 VBOX   VBOXXSDT 00000001 ASL  00000061)
[    0.000000] ACPI: FACP 0x000000003FFF00F0 0000F4 (v04 VBOX   VBOXFACP 00000001 ASL  00000061)
[    0.000000] ACPI: DSDT 0x000000003FFF0470 0021FF (v02 VBOX   VBOXBIOS 00000002 INTL 20100528)
[   0.0000 API: FACS 0x000000003FF00 0040
  0.0000] PIFACS 0x00000FFF0200000
[  00000] AC: IC 0x00003FF24005C (02BO   VOXAPIC 00000001 ASL  00000061)
[    0.000000] ACI:SST 0x000003FF02A 01C(v01 VB  BOXCPUT 00000002 INTL 20100528)
[    0.000000] No NUMA configuration found
[    0.000000] Faking a node at [mem 0x0000000000000000-0x000000003ffeffff]
[    0.000000] NODE_DATA(0) allocated [mem 0x3ffeb000-0x3ffeffff]
[    0.000000] kvm-clock: Using msrs 4b564d01 and 4b564d00
[    0.000000] kvm-clock: cpu 0, msr 0:3ffe3001, primary cpu clock
[    0.000000] kvm-clock: using sched offset of 2958574995 cycles
[    0.000000] clocksource: kvm-clock: mask: 0xffffffffffffffff max_cycles: 0x1cd42e4dffb, max_idle_ns: 881590591483 ns
[    0.000000] Zone ranges:
[    0.00000] DA    [m 0x00000000100-0000000ffff]
[   .0000]   DMA32    [mem 0x0000000001000000-0x000000003ffeffff]
[    0.000000]   Normal   empty
[    0.000000]   Device   empty
[    0.000000] Movable zone start for each node
[    0.000000] Early memory node ranges
[    0.000000]   node   0: [mem 0x0000000000001000-0x000000000009efff]
[    0.000000]   node   0: [mem 0x0000000000100000-0x000000003ffeffff]
[    0.000000] Initmem setup node 0 [mem 0x0000000000001000-0x000000003ffeffff]
[    0.000000] ACPI: PM-Timer IO Port: 0x4008
[    0.000000] IOAPIC[0]: apic_id 2, version 32, address 0xfec00000, GSI 0-23
[    0.000000] ACI:NTSRC_OV (s  busrq gobal_i 2 dfl dfl)
[    0.000000] ACPI: INT_SRC_OVR (bus 0 bus_irq 9 global_irq 9 low lel)
   00000] Using ACI ADT)foSMconfigation information
[    0.000000] smpboot: Allowing 2 CPUs, 0 hotplug CPUs
[    0.000000] PM: Registered nosave memory: [mem 0x00000000-0x00000fff]
[    0.000000] PM: Registered nosave memory: [mem 0x0009f000-0x0009ffff]
[    0.000000] PM: Registered nosave memory: [mem 0x000a0000-0x000effff]
[    0.000000] PM: Registered nosave memory: [mem 0x000f0000-0x000fffff]
[    0.00000 e82: em0x000000xfbffff]vaable fr I evic
  0.00000]ooing ariralizedkeelon KVM
[    0.0000] cloksrce: refined-jiffies: mask: 0xffffffffmax_cycs:xfffff, x_idlens765519602168ns
[   0000] seup_perpu NR_PU51nr_cpuskits:512 nr_cpu_id:2r_ode_id1[    00000 PERCP Eedde 3pas/cpuffff88003fc00000 s99544 r8192 d31528 u104876
[    0.000000] PV qspinlock hash table entries: 256 (order: 0, 4096 bytes)
[    0.000000] Built 1 zonelists in Node order, mobility grouping on.  Total pages: 257913
[    0.000000] Policy zone: DMA32
[    0.000000] Kernel command line: BOOT_IMAGE=/boot/vmlinuz-4.4.0-116-generic root=LABEL=cloudimg-roots  csolett cnsolety
    0.000]PID ashtabe entie 46 (ordr:, 2768bys)
[  00000] emory: 1001688K/1048120K available (8530K kernel code, 1309K rwdata, 3992K rodata, 1508K init, 1316K bss, 46432K reserved, 0K cma-reserved)
[    0.000000] SLUB: HWalign=64, Order=0-3, MinObjects=0, CPUs=2, Nodes=1
[    0.000000] Kernel/User page tables isolation: enabled
[    0.000000] Hierarchical RCU implementation.
[    0.000000] 	Build-time adjustment of leaf fanout to 64.
[    0.000000] 	CU resrictin Cs om N_CS=12 t ncpids=.
[   00000]CUAdjusti geometry for rcu_fanout_leaf=64, nr_cpu_ids=2
[    0.000000] NR_IRQS:33024 nr_irqs:440 16
[    0.000000] Console: colour VGA+ 80x25
[    0.000000] console [tty1] enabled
[    0.000000] console [ttyS0] enabled
[    0.000000] tsc: Detected 2304.000 MHz processor
[    6.359771] Calibrating delay loop (skipped) preset value.. 4608.00 BogoMIPS (lpj=9216000)
[    6.361287] pid_max: default: 32768 minimum: 301
[   6.362155] ACPI: Core revision 20150930
[    6.426389] ACPI: 2 ACPI AML tables successfully acquired and loaded
[    6.484260] Security Framework initialized
[    6.560046] Yama: becoming mindful.
[    6.631878] AppArmor: AppArmor initialized
[    6.696338] Dentry cache hash table entries: 131072 (order: 8, 1048576 bytes)
[    6.787089] Inode-cache hash table entries: 65536 (order: 7, 524288 bytes)
[    6.867859] Mount-cache hash table entries: 2048 (order: 2, 16384 bytes)
[    6.940635] Mountpoint-cache hash table entries: 2048 (order: 2, 16384 bytes)
[    6.941931] Initializing cgroup subsys io
[    6.942719] Initializing cgroup subsys memory
[    6.943535] Initializing cgroup subsys devices
[    6.996463] Initializing cgroup subsys freezer
[    7.076894] Initializing cgroup subsys net_cls
[    7.146165] Initializing cgroup subsys perf_event
[    7.188670] Initializing cgroup subsys net_prio
[    7.239884] Initializing cgroup subsys hugetlb
[    7.240686] Initializing cgroup subsys pids
[    7.241522] CPU: Physical Processor ID: 0
[    7.242262] CPU: Processor Core ID: 0
[    7.269624] FEATURE SPEC_CTRL Not Present
[    7.308216] mce: CPU supports 0 MCE banks
[    7.308980] Last level iTLB entries: 4KB 64, 2MB 8, 4MB 8
[    7.309908] Last level dTLB entries: 4KB 64, 2MB 0, 4MB 0, 1GB 4
[    7.310915] Spectre V2 mitigation: Mitigation: Full generic retpoline
[    7.312004] Spectre V2 mitigation: Speculation control IBPB not-supported IBRS not-supported
[    7.314965] Freeing SMP alternatives memory: 32K
[    7.362858] ftrace: allocating 32186 entries in 126 pages
[    7.514814] smpboot: APIC(0) Converting physical 0 to logical package 0
[    7.620050] smpboot: Max logical packages: 1
[    7.688650] x2apic enabled
[    7.740277] Switched APIC routing to physical x2apic.
[    7.821330] ..TIMER: vector=0x30 apic1=0 pin1=2 apic2=-1 pin2=-1
[    7.947234] smpboot: CPU0: Intel(R) Core(TM) i5-7360U CPU @ 2.30GHz (family: 0x6, model: 0x8e, stepping: 0x9)
[    8.100146] Performance Events: unsupported p6 CPU model 142 no PMU driver, software events only.
[    8.227759] KVM setup paravirtual spinlock
[    8.306706] x86: Booting SMP configuration:
[    8.381545] .... node  #0, CPUs:      #1
[    8.436157] kvm-clock: cpu 1, msr 0:3ffe3041, secondary cpu clock
[    8.453219] mce: CPU supports 0 MCE banks
[    8.457647] x86: Booted up 1 node, 2 CPUs
[    8.494558] smpboot: Total of 2 processors activated (9216.00 BogoMIPS)
[    8.562814] devtmpfs: initialized
[    8.607856] evm: security.selinux
[    8.650244] evm: security.SMACK64
[    8.684431] evm: security.SMACK64EXEC
[    8.722544] evm: security.SMACK64TRANSMUTE
[    8.774449] evm: security.SMACK64MMAP
[    8.792911] evm: security.ima
[    8.793532] evm: security.capability
[    8.794402] clocksource: jiffies: mask: 0xffffffff max_cycles: 0xffffffff, max_idle_ns: 7645041785100000 ns
[    8.858514] futex hash table entries: 512 (order: 3, 32768 bytes)
[    8.924745] pinctrl core: initialized pinctrl subsystem
[    8.988991] RTC time:  8:30:53, date: 03/22/18
[    9.012373] NET: Registered protocol family 16
[    9.056269] cpuidle: using governor ladder
[    9.116223] cpuidle: using governor menu
[    9.148864] PCCT header not found.
[    9.155733] ACPI: bus type PCI registered
[    9.199727] acpiphp: ACPI Hot Plug PCI Controller Driver version: 0.5
[    9.279621] PCI: Using configuration type 1 for base access
[    9.368993] ACPI: Added _OSI(Module Device)
[    9.399302] ACPI: Added _OSI(Processor Device)
[    9.445843] ACPI: Added _OSI(3.0 _SCP Extensions)
[    9.483201] ACPI: Added _OSI(Processor Aggregator Device)
[    9.526599] ACPI: Executed 1 blocks of module-level executable AML code
[    9.596850] ACPI: Interpreter enabled
[    9.631152] ACPI: (supports S0 S5)
[    9.636816] ACPI: Using IOAPIC for interrupt routing
[    9.679639] PCI: Using host bridge windows from ACPI; if necessary, use "pci=nocrs" and report a bug
[    9.779695] ACPI: PCI Root Bridge [PCI0] (domain 0000 [bus 00-ff])
[    9.793019] acpi PNP0A03:00: _OSC: OS supports [ASPM ClockPM Segments MSI]
[    9.859170] acpi PNP0A03:00: _OSC: not requesting OS control; OS requires [ExtendedConfig ASPM ClockPM MSI]
[    9.967500] acpi PNP0A03:00: fail to add MMCONFIG information, can't access extended PCI configuration space under this bridge.
[   10.096043] PCI host bridge to bus 0000:00
[   10.119300] pci_bus 0000:00: root bus resource [io  0x0000-0x0cf7 window]
[   10.191210] pci_bus 0000:00: root bus resource [io  0x0d00-0xffff window]
[   10.260253] pci_bus 0000:00: root bus resource [mem 0x000a0000-0x000bffff window]
[   10.280035] pci_bus 0000:00: root bus resource [mem 0x40000000-0xfdffffff window]
[   10.291345] pci_bus 0000:00: root bus resource [bus 00-ff]
[   10.359246] pci 0000:00:01.1: legacy IDE quirk: reg 0x10: [io  0x01f0-0x01f7]
[   10.396544] pci 0000:00:01.1: legacy IDE quirk: reg 0x14: [io  0x03f6]
[   10.408865] pci 0000:00:01.1: legacy IDE quirk: reg 0x18: [io  0x0170-0x0177]
[   10.502556] pci 0000:00:01.1: legacy IDE quirk: reg 0x1c: [io  0x0376]
[   10.573510] pci 0000:00:07.0: quirk: [io  0x4000-0x403f] claimed by PIIX4 ACPI
[   10.655317] pci 0000:00:07.0: quirk: [io  0x4100-0x410f] claimed by PIIX4 SMB
[   10.706090] ACPI: PCI Interrupt Link [LNKA] (IRQs 5 9 10 *11)
[   10.774244] ACPI: PCI Interrupt Link [LNKB] (IRQs 5 9 *10 11)
[   10.822124] ACPI: PCI Interrupt Link [LNKC] (IRQs 5 *9 10 11)
[   10.846076] ACPI: PCI Interrupt Link [LNKD] (IRQs 5 9 10 *11)
[   10.904512] ACPI: Enabled 2 GPEs in block 00 to 07
[   10.927580] vgaarb: setting as boot device: PCI:0000:00:02.0
[   11.008322] vgaarb: device added: PCI:0000:00:02.0,decodes=io+mem,owns=io+mem,locks=none
[   11.072164] vgaarb: loaded
[   11.095890] vgaarb: bridge control possible 0000:00:02.0
[   11.144433] SCSI subsystem initialized
[   11.159490] ACPI: bus type USB registered
[   11.201470] usbcore: registered new interface driver usbfs
[   11.256310] usbcore: registered new interface driver hub
[   11.299013] usbcore: registered new device driver usb
[   11.344253] PCI: Using ACPI for IRQ routing
[   11.386984] NetLabel: Initializing
[   11.426745] NetLabel:  domain hash size = 128
[   11.431134] NetLabel:  protocols = UNLABELED CIPSOv4
[   11.432016] NetLabel:  unlabeled traffic allowed by default
[   11.433106] amd_nb: Cannot enumerate AMD northbridges
[   11.501379] clocksource: Switched to clocksource kvm-clock
[   11.57314Aprm: pAorilysm abed
[   12.46] p:nPAC iit
[ 12146]np:PnAC: un3 vis
[   12.844945] clocksource: acpi_pm: mask: 0xffffff max_cycles: 0xffffff, max_idle_ns: 2085701024 ns
[   12.858254] NET: Registered protocol family 2
[   12.859188] TCP established hash table entries: 8192 (order: 4, 65536 bytes)
[   12.860359] TCP bind hash table entries: 8192 (order: 5, 131072 bytes)
[   12.863197] TCP: Hash tables configured (established 8192 bind 8192)
[   12.926795] UDP hash table entries: 512 (order: 2, 16384 bytes)
[   12.996460] UDP-Lite hash table entries: 512 (order: 2, 16384 bytes)
[   13.049767] NET: Registered protocol family 1
[   13.050573] pci 0000:00:00.0: Limiting direct PCI/PCI transfers
[   13.051591] pci 0000:00:01.0: Activating ISA DMA hang workrrounds
[   13.126312] Unpacking initramfs...
[   14.644815] Freeing initrd memory: 10844K
[   14.710071] platform rtc_cmos: registered platform RTC device (no PNP device found)
[   14.806477] Scanning for low memory corruption every 60 seconds
[   14.807865] audit: initializing netlink subsys (disabled)
[   14.849848] audit: type=2000 audit(1521707453.720:1): initialized
[   14.986150] Initialise system trusted keyring
[   15.067695] HugeTLB registered 2 MB page size, pre-allocated 0 pages
[   15.257857] zbud: loaded
[   15.302448] VFS: Disk quotas dquot_6.6.0
[   15.348520] VFS: Dquot-cache hash table entries: 512 (order 0, 4096 bytes)
[   15.469132] squashfs: version 4.0 (2009/01/31) Phillip Lougher
[   15.485089] fuse init (API version 7.23)
[   15.516725] Key type big_key registered
[   15.556442] Allocating IMA MOK and blacklist keyrings.
[   15.591586] Key type asymmetric registered
[   15.678222] Asymmetric key parser 'x509' registered
[   15.730293] tsc: Refined TSC clocksource calibration: 2302.638 MHz
[   15.731338] clocksource: tsc: mask: 0xffffffffffffffff max_cycles: 0x2130f122aab, max_idle_ns: 440795244993 ns
[   15.741126] Block layer SCSI generic (bsg) driver version 0.4 loaded (major 249)
[   15.741157] io scheduler noop registered
[   15.741159] io scheduler deadline registered (default)
[   15.741181] io scheduler cfq registered
[   15.741271] pci_hotplug: PCI Hot Plug PCI Core version: 0.5
[   15.741276] pciehp: PCI Express Hot Plug Controller Driver version: 0.4
[   15.741466] ACPI: AC Adapter [AC] (on-line)
[   15.741507] input: Power Button as /devices/LNXSYSTM:00/LNXPWRBN:00/input/input0
[   15.741510] ACPI: Power Button [PWRF]
[   15.741573] input: Sleep Button as /devices/LNXSYSTM:00/LNXSLPBN:00/input/input1
[   15.741574] ACPI: Sleep Button [SLPF]
[   15.741680] GHES: HEST is not enabled!
[   15.875437] Serial: 8250/16550 driver, 32 ports, IRQ sharing enabled
[   16.018032] 00:02: ttyS0 at I/O 0x3f8 (irq = 4, base_baud = 115200) is a 16550A
[   16.077562] Linux agpgart interface v0.103
[   16.123521] loop: module loaded
[   16.123931] scsi host0: ata_piix
[   16.123974] scsi host1: ata_piix
[   16.123997] ata1: PATA max UDMA/33 cmd 0x1f0 ctl 0x3f6 bmdma 0xd000 irq 14
[   16.123998] ata2: PATA max UDMA/33 cmd 0x170 ctl 0x376 bmdma 0xd008 irq 15
[   16.124057] libphy: Fixed MDIO Bus: probed
[   16.124059] tun: Universal TUN/TAP device driver, 1.6
[   16.124060] tun: (C) 1999-2004 Max Krasnyansky <maxk@qualcomm.com>
[   16.124313] PPP generic driver version 2.4.2
[   16.124358] ehci_hcd: USB 2.0 'Enhanced' Host Controller (EHCI) Driver
[   16.124361] ehci-pci: EHCI PCI platform driver
[   16.124373] ehci-platform: EHCI generic platform driver
[   16.124379] ohci_hcd: USB 1.1 'Open' Host Controller (OHCI) Driver
[   16.124382] ohci-pci: OHCI PCI platform driver
[   16.124388] ohci-platform: OHCI generic platform driver
[   16.124394] uhci_hcd: USB Universal Host Controller Interface driver
[   16.124437] i8042: PNP: PS/2 Controller [PNP0303:PS2K,PNP0f03:PS2M] at 0x60,0x64 irq 1,12
[   16.124827] serio: i8042 KBD port at 0x60,0x64 irq 1
[   16.124830] serio: i8042 AUX port at 0x60,0x64 irq 12
[   16.124906] mousedev: PS/2 mouse device common for all mice
[   16.125119] input: AT Translated Set 2 keyboard as /devices/platform/i8042/serio0/input/input2
[   16.125408] rtc_cmos rtc_cmos: rtc core: registered rtc_cmos as rtc0
[   16.125450] rtc_cmos rtc_cmos: alarms up to one day, 114 bytes nvram
[   16.125455] i2c /dev entries driver
[   16.125496] device-mapper: uevent: version 1.0.3
[   16.125536] device-mapper: ioctl: 4.34.0-ioctl (2015-10-28) initialised: dm-devel@redhat.com
[   16.125553] ledtrig-cpu: registered to indicate activity on CPUs
[   16.125751] NET: Registered protocol family 10
[   16.125866] NET: Registered protocol family 17
[   16.125874] Key type dns_resolver registered
[   16.125982] microcode: CPU0 sig=0x806e9, pf=0x2, revision=0x0
[   16.126709] microcode: CPU1 sig=0x806e9, pf=0x2, revision=0x0
[   16.126733] microcode: Microcode Update Driver: v2.01 <tigran@aivazian.fsnet.co.uk>, Peter Oruba
[   16.126825] registered taskstats version 1
[   16.126836] Loading compiled-in X.509 certificates
[   16.127303] Loaded X.509 cert 'Build time autogenerated kernel key: aa84f01984fbd529c105810b59e379d349698248'
[   16.127319] zswap: loaded using pool lzo/zbud
[   16.128891] Key type trusted registered
[   16.131312] Key type encrypted registered
[   16.131316] AppArmor: AppArmor sha1 policy hashing enabled
[   16.131318] ima: No TPM chip found, activating TPM-bypass!
[   16.131334] evm: HMAC attrs: 0x1
[   16.131574]   Magic number: 10:957:523
[   16.132088] rtc_cmos rtc_cmos: setting system clock to 2018-03-22 08:31:01 UTC (1521707461)
[   16.132148] BIOS EDD facility v0.16 2004-Jun-25, 0 devices found
[   16.132148] EDD information not available.
[   18.966260] Freeing unused kernel memory: 1508K
[   19.016722] Write protecting the kernel read-only data: 14336k
[   19.083265] Freeing unused kernel memory: 1700K
[   19.114826] Freeing unused kernel memory: 104K
Loading, please [   19.763016] random: systemd-udevd: uninitialized urandom read (16 bytes read, 5 bits of entropy available)
wait...
startin[   19.763499] random: udevadm: uninitialized urandom read (16 bytes read, 5 bits of entropy available)
g version 229
[   19.763528] random: udevadm: uninitialized urandom read (16 bytes read, 5 bits of entropy available)
[   19.776834] random: udevadm: uninitialized urandom read (16 bytes read, 5 bits of entropy available)
[   19.776903] random: udevadm: uninitialized urandom read (16 bytes read, 5 bits of entropy available)
[   19.777083] random: udevadm: uninitialized urandom read (16 bytes read, 5 bits of entropy available)
[   19.777162] random: udevadm: uninitialized urandom read (16 bytes read, 5 bits of entropy available)
[   19.777223] random: udevadm: uninitialized urandom read (16 bytes read, 5 bits of entropy available)
[   19.777302] random: udevadm: uninitialized urandom read (16 bytes read, 5 bits of entropy available)
[   19.777375] random: udevadm: uninitialized urandom read (16 bytes read, 5 bits of entropy available)
[   20.990182] Fusion MPT base driver 3.04.20
[   21.040542] Copyright (c) 1999-2008 LSI Corporation
[   21.089757] e1000: Intel(R) PRO/1000 Network Driver - version 7.3.21-k8-NAPI
[   21.104796] e1000: Copyright (c) 1999-2006 Intel Corporation.
[   21.108983] AVX2 version of gcm_enc/dec engaged.
[   21.114501] AES CTR mode by8 optimization enabled
[   21.121250] Fusion MPT SPI Host driver 3.04.20
[   21.310221] input: ImExPS/2 Generic Explorer Mouse as /devices/platform/i8042/serio1/input/input4
[   21.471911] e1000 0000:00:03.0 eth0: (PCI:33MHz:32-bit) 02:ec:c5:86:c8:d5
[   21.615923] e1000 0000:00:03.0 eth0: Intel(R) PRO/1000 Network Connection
[   22.057259] e1000 0000:00:08.0 eth1: (PCI:33MHz:32-bit) 08:00:27:e5:86:af
[   22.225322] e1000 0000:00:08.0 eth1: Intel(R) PRO/1000 Network Connection
[   22.290846] e1000 0000:00:08.0 enp0s8: renamed from eth1
[   22.335276] mptbase: ioc0: Initiating bringup
[   22.370214] e1000 0000:00:03.0 enp0s3: renamed from eth0
[   22.486154] ioc0: LSI53C1030 A0: Capabilities={Initiator}
[   23.307579] scsi host2: ioc0: LSI53C1030 A0, FwRev=00000000h, Ports=1, MaxQ=256, IRQ=20
[   24.156487] floppy0: no floppy controllers found
[   24.834369] scsi 2:0:0:0: Direct-Access     VBOX     HARDDISK         1.0  PQ: 0 ANSI: 5
[   24.943287] scsi target2:0:0: Beginning Domain Validation
[   25.006995] scsi target2:0:0: Domain Validation skipping write tests
[   25.104011] scsi target2:0:0: Ending Domain Validation
[   25.167136] scsi target2:0:0: asynchronous
[   25.168214] scsi 2:0:1:0: Direct-Access     VBOX     HARDDISK         1.0  PQ: 0 ANSI: 5
[   25.215434] scsi target2:0:1: Beginning Domain Validation
[   25.296234] scsi target2:0:1: Domain Validation skipping write tests
[   25.303060] scsi target2:0:1: Ending Domain Validation
[   25.304041] scsi target2:0:1: asynchronous
[   26.042685] sd 2:0:0:0: Attached scsi generic sg0 type 0
[   26.106563] sd 2:0:1:0: [sdb] 20480 512-byte logical blocks: (10.5 MB/10.0 MiB)
[   26.106652] sd 2:0:0:0: [sda] 20971520 512-byte logical blocks: (10.7 GB/10.0 GiB)
[   26.189684] sd 2:0:1:0: Attached scsi generic sg1 type 0
[   26.302142] sd 2:0:0:0: [sda] Write Protect is off
[   26.362255] sd 2:0:1:0: [sdb] Write Protect is off
[   26.430438] sd 2:0:0:0: [sda] Incomplete mode parameter data
[   26.461740] sd 2:0:1:0: [sdb] Incomplete mode parameter data
[   26.461742] sd 2:0:1:0: [sdb] Assuming drive cache: write through
[   26.557564] sd 2:0:1:0: [sdb] Attached SCSI disk
[   26.786964] sd 2:0:0:0: [sda] Assuming drive cache: write through
[   26.914426]  sda: sda1
[   26.978619] sd 2:0:0:0: [sda] Attached SCSI disk
Begin: Loading e[   28.329154] md: linear personality registered for level -1
ssential drivers[   28.343168] md: multipath personality registered for level -4
 ... [   28.401324] md: raid0 personality registered for level 0
[   28.438682] md: raid1 personality registered for level 1
[   28.537627] raid6: sse2x1   gen() 12258 MB/s
[   28.735394] raid6: sse2x1   xor()  9481 MB/s
[   28.885700] raid6: sse2x2   gen() 15211 MB/s
[   28.989696] raid6: sse2x2   xor() 10489 MB/s
[   29.177511] raid6: sse2x4   gen() 16953 MB/s
[   29.341765] raid6: sse2x4   xor() 11727 MB/s
[   29.473681] raid6: avx2x1   gen() 23959 MB/s
[   29.541416] raid6: avx2x2   gen() 17794 MB/s
[   29.631921] raid6: avx2x4   gen() 31236 MB/s
[   29.673914] raid6: using algorithm avx2x4 gen() 31236 MB/s
[   29.767881] raid6: using avx2x2 recovery algorithm
[   29.927555] xor: automatically using best checksumming function:
[   30.021566]    avx       : 20258.000 MB/sec
[   30.069764] async_tx: api initialized (async)
[   30.174923] md: raid6 personality registered for level 6
[   30.311375] md: raid5 personality registered for level 5
[   30.406740] md: raid4 personality registered for level 4
[   30.527670] md: raid10 personality registered for level 10
done.
Begin: Running /scripts/init-premount ... done.
Begin: Mounting root fil[   30.629992] Btrfs loaded
e system ... Begin: Running /scr[   30.694092] EXT4-fs (sda1): mounted filesystem with ordered data mode. Opts: (null)
ipts/local-top ... done.
Begin: Running /scripts/local-premount ... Scanning for Btrfs filesystems
done.
Warning: fsck not present, so skipping root file system
done.
Begin: Running /scripts/local-bottom ... done.
Begin: Running /scripts/init-bottom ... done.
[   30.861561] systemd[1]: systemd 229 running in system mode. (+PAM +AUDIT +SELINUX +IMA +APPARMOR +SMACK +SYSVINIT +UTMP +LIBCRYPTSETUP +GCRYPT +GNUTLS +ACL +XZ -LZ4 +SECCOMP +BLKID +ELFUTILS +KMOD -IDN)
[   31.253678] systemd[1]: Detected virtualization oracle.
[   31.296387] systemd[1]: Detected architecture x86-64.

Welcome to [1mUbuntu 16.04.4 LTS[0m!

[   31.482504] systemd[1]: Set hostname to <ubuntu>.
[   31.552685] systemd[1]: Initializing machine ID from random generator.
[   31.558917] systemd[1]: Installed transient /etc/machine-id file.
[   31.655037] systemd[1]: Started Forward Password Requests to Wall Directory Watch.
[[0;32m  OK  [0m] Started Forward Password Requests to Wall Di[   31.670339] random: nonblocking pool is initialized
rectory Watch.
[   32.570224] systemd[1]: Listening on Journal Socket.
[[0;32m  OK  [0m] Listening on Journal Socket.
[   32.753918] systemd[1]: Set up automount Arbitrary Executable File Formats File System Automount Point.
[[0;32m  OK  [0m] Set up automount Arbitrary Executab...ats File System Automount Point.
[   32.850410] systemd[1]: Created slice System Slice.
[[0;32m  OK  [0m] Created slice System Slice.
[   32.925795] systemd[1]: Mounting POSIX Message Queue File System...
         Mounting POSIX Message Queue File System...
[   33.133751] systemd[1]: Starting Load Kernel Modules...
         Startin[   33.146029] Loading iSCSI transport class v2.0-870.
g Load Kernel Modules...
[   33.320148] iscsi: registered transport (tcp)
[   33.485748] systemd[1]: Listening on Syslog Socket.
[[0;32m  OK  [0m] Listening on Syslog Socket.
[   33.498377] systemd[1]: Starting Create list of required static device nodes for the current kernel...
         [   33.511286] iscsi: registered transport (iser)
Starting Create list of required st... nodes for the current kernel...
[   33.666] stemd[1]: Lisni on JouralSocket(/ev/lg)

[[0;32m  OK  [0m] Listening on Journal Socket (/dev/log).
[   34.07] std[: stinondeKeeloct.
[[0;32m  OK  [0m] Listening on udev Kernel Socket.
[ 34.7560]ysemd[1]: Creted slice User and Session Slice.
[[0;32m  OK  [0m] Created slice User and Session Slice.
[   34.942384] systemd[1]: Reached target Slices.
[[0;32m  OK  [0m] Reached target Slices.
[   34.944235] systemd[1]: Listni on ev/initctl Compatibility NamePipe.
[[0;32m  OK  [0m] Listening on /dev/initctl Compatibility Named Pipe.
[ 35256]ysmd]:eaedart sean Group Name Looup
[[0;32m  OK  [0m] Reached target User and Group Name Lookups.
[   5.34] systemd[]: Listeing n vi-mpe entaen FO
[[0;32m  OK  [0m] Listening on Device-mapper event daemon FIFOs.
[   36.797635] systemd[1]: Mounting Debug File System...
         Mounting Debug File System...
[   36.886519] systemd[1]: Starting Uncomplicated firewall...
         Starting Uncomplicated firewall...
[   37.0217]syem1]: Listening on LVM2 metadata daemon socket.

[[0;32m  OK  [0m] Listening on LVM2 metadata daemon socket.
[   37.294538] systemd[1]: Starting Monitoring of LVM2 mirrors, snapshots etc. using dmeventd or progress polling...
         Starting Monitoring of LVM2 mirrors... dmeventd or progress polling...
[ 37538] sysem1]Lienin oud Ctrol Socket.

[[0;32m  OK  [0m] Listening on udev Control Socket.
[   37.896137] systemd[1]: Reached target Swap.
[[0;32m  OK  [0m] Reached target Swap.
[ 37.90650]ystemd]:rete sceysm-ril\dgtyli.
[[0;32m  OK  [0m] Created slice system-serial\x2dgetty.slice.
[   38.673998] systemd[1]: Starting Nameserver information manager...
         Starting Nameserver information manager...
[   38.422]ysemd[1]: Lisenng on Joual Audit Scket. [[0;32m  OK  [0m] Listening on Journal Audit Socket.
[   39.211300] systemd[1]: Starting Journal Service...
         Starting Journal Service...
[   39.290502] systemd[1]: Mounting Huge Pages File System...
         Mounting Huge Pages File System...
[ 39134]ystemd[1]: Started Trigger resolvconf update for networkd DNS.

[[0;32m  OK  [0m] Started Trigger resolvconf update for networkd DNS.
[   9.2521] syte[1 Lstenngon LM2oll damon soke
[[0;32m  OK  [0m] Listening on LVM2 poll daemon socket.
[ 40.1751 sstmd[1]: Reached target Encrypted Volumes.

[[0;32m  OK  [0m] Reached target Encrypted Volumes.
[   40.422241] systemd[1]: Starting Set console keymap...
         Starting Set console keymap...
[   40.550003] systemd[1]: Starting Remount Root and Kernel File Systems...
         [   40.656267] EXT4-fs (sda1): re-mounted. Opts: (null)
Starting Remount Root and Kernel File Systems...
[   40.753806] systemd[1]: Mounted Huge Pages File System.
[[0;32m  OK  [0m] Mounted Huge Pages File System.
[   4089418]syemd[]:ouedOS Mssag Queil System.

[[0;32m  OK  [0m] Mounted POSIX Message Queue File System.
[  44191 stemd[1]: Mounted Debug File System.

[[0;32m  OK  [0m] Mounted Debug File System.
[ 4142345] sstd[]:tartd uurna Svice
[[0;32m  OK  [0m] Started Journal Service.
[[0;32m  OK  [0m] Started Load Kernel Modules.
[[0;32m  OK  [0m] Started Create list of required sta...ce nodes for the current kernel.
[[0;32m  OK  [0m] Started Uncomplicated firewall.
[[0;32m  OK  [0m] Started Set console keymap.
[[0;32m  OK  [0m] Started Remount Root and Kernel File Systems.
[[0;32m  OK  [0m] Started Nameserver information manager.
[[0;32m  OK  [0m] Started LVM2 metadata daemon.
         Starting Load/Save Random Seed...
         Starting udev Coldplug all Devices...
         Starting Initial cloud-init job (pre-networking)...
         Starting Create Static Device Nodes in /dev...
         Mounting FUSE Control File System...
         Starting Apply Kernel Variables...
         Starting Flush Journal to Persistent Storage...
[[0;32m  OK  [0m] Mounted FUSE Control File System.
[[0;32m  OK  [0m] Started Load/Save Random Seed.
[[0;32m  OK  [0m] Started Create Static Device Nodes in /dev.
[[0;32m  OK  [0m] Started Apply Kernel Variables.
[[0;32m  OK  [0m] Started udev Coldplug all Devices.
[[0;32m  OK  [0m] Started Flush Journal to Persistent Storage.
         Starting udev Kernel Device Manager...
[[0;32m  OK  [0m] Started udev Kernel Device Manager.
[[0;32m  OK  [0m] Started Dispatch Password Requests to Console Directory Watch.
[[0;32m  OK  [0m] Started Monitoring of LVM2 mirrors,...ng dmeventd or progress polling.
[[0;32m  OK  [0m] Reached target Local File Systems (Pre).
[[0;32m  OK  [0m] Reached target Local File Systems.
         Starting Tell Plymouth To Write Out Runtime Data...
         Starting Create Volatile Files and Directories...
         Starting Set console font and keymap...
         Starting Commit a transient machine-id on disk...
[   32.345789] cloud-init[447]: Cloud-init v. 17.2 running 'init-local' at Thu, 22 Mar 2018 08:31:28 +0000. Up 32.03 seconds.
         Starting LSB: AppArmor initialization...
[[0;32m  OK  [0m] Started Tell Plymouth To Write Out Runtime Data.
[[0;32m  OK  [0m] Started Create Volatile Files and Directories.
[[0;32m  OK  [0m] Started Commit a transient machine-id on disk.
[[0;32m  OK  [0m] Started Set console font and keymap.
[[0;32m  OK  [0m] Started Initial cloud-init job (pre-networking).
[[0;32m  OK  [0m] Found device /dev/ttyS0.
[[0;32m  OK  [0m] Listening on Load/Save RF Kill Switch Status /dev/rfkill Watch.
[[0;32m  OK  [0m] Reached target Network (Pre).
[[0;32m  OK  [0m] Created slice system-getty.slice.
         Starting Update UTMP about System Boot/Shutdown...
[[0;32m  OK  [0m] Reached target System Time Synchronized.
[[0;32m  OK  [0m] Started Update UTMP about System Boot/Shutdown.
[[0;32m  OK  [0m] Started LSB: AppArmor initialization.
         Starting Raise network interfaces...
[[0;32m  OK  [0m] Started Raise network interfaces.
[[0;32m  OK  [0m] Reached target Network.
         Starting Initial cloud-init job (metadata service crawler)...
[   36.490297] cloud-init[943]: Cloud-init v. 17.2 running 'init' at Thu, 22 Mar 2018 08:31:32 +0000. Up 35.96 seconds.
[   36.628828] cloud-init[943]: ci-info: ++++++++++++++++++++++++++++++++++++++Net device info++++++++++++++++++++++++++++++++++++++
[   36.820819] cloud-init[943]: ci-info: +--------+-------+----------------------------+---------------+-------+-------------------+
[[0;32m  OK  [0m] Started Initial cloud-init job (metadata service crawler).
[[   36.924947] cloud-init[943]: ci-info: | Device |   Up  |          Address           |      Mask     | Scope |     Hw-Address    |
[0;32m  OK  [0m] Reached target Cloud-config availability.
[   36.946366] cloud-init[943]: ci-info: +--------+-------+----------------------------+---------------+-------+-------------------+
[   37.169363] cloud-init[943]: ci-info: | enp0s3 |  True |         10.0.2.15          | 255.255.255.0 |   .   | 02:ec:c5:86:c8:d5 |
[[0;32m  OK  [0m] Reached target System Initialization.
[   37.169545] cloud-init[943]: ci-info: | enp0s3 |  True | fe80::ec:c5ff:fe86:c8d5/64 |       .       |  link | 02:ec:c5:86:c8:d5 |
[   37.585241] cloud-init[943]: ci-info: | enp0s8 | False |             .              |       .       |   .   | 08:00:27:e5:86:af |
[   37.585603] cloud-init[943]: ci-info: |   lo   |  True |         127.0.0.1          |   255.0.0.0   |   .   |         .         |
[[0;32m  OK  [0m] Started Timer to automatically refresh installed snaps.
[   37.585731] cloud-init[943]: ci-info: |   lo   |  True |          ::1/128           |       .       |  host |         .         |
[   38.004451] cloud-init[943]: ci-info: +--------+-------+----------------------------+---------------+-------+-------------------+
[   38.004873] cloud-init[943]: ci-info: +++++++++++++++++++++++++++Route IPv4 info++++++++++++++++++++++++++++
         Starting LXD - unix socket.
[   38.005004] cloud-init[943]: ci-info: +-------+-------------+----------+---------------+-----------+-------+
[   38.418533] cloud-init[943]: ci-info: | Route | Destination | Gateway  |    Genmask    | Interface | Flags |
[   38.419198] cloud-init[943]: ci-info: +-------+-------------+----------+---------------+-----------+-------+
[[0;32m  OK  [0m] Started ACPI Events Check.
[   38.419312] cloud-init[943]: ci-info: |   0   |   0.0.0.0   | 10.0.2.2 |    0.0.0.0    |   enp0s3  |   UG  |
[   38.625309] cloud-init[943]: ci-info: |   1   |   10.0.2.0  | 0.0.0.0  | 255.255.255.0 |   enp0s3  |   U   |
[[0;32m  OK  [0m] Reached target Paths.
[   38.625446] cloud-init[943]: ci-info: +-------+-------------+----------+---------------+-----------+-------+
[   38.905747] cloud-init[943]: Generating public/private rsa key pair.
[[0;32m  OK  [0m] Started Daily Cleanup of Temporary Directories.
[   38.905939] cloud-init[943]: Your identification has been saved in /etc/ssh/ssh_host_rsa_key.
[   39.034690] cloud-init[943]: Your public key has been saved in /etc/ssh/ssh_host_rsa_key.pub.
[[0;32m  OK  [0m] Listening on UUID daemon activation socket.
[[   39.034803] cloud-init[943]: The key fingerprint is:
[   39.201947] cloud-init[943]: SHA256:Yo9ufREdS1eMSSuZELei650EGAgpn0SfZhOhoTj5C5U root@ubuntu-xenial
[0;32m  OK  [0m] Listening on ACPID Listen Socket.
[   39.202174] cloud-init[943]: The key's randomart image is:
[   39.269184] cloud-init[943]: +---[RSA 2048]----+
[[0;32m  OK  [0m] Listening on D-Bus System Message Bus Socket.
         [   39.269320] Starting Socket activation for snappy daemon.cloud-init
[943]: | .+.o.    o....=.|
[   39.402652] cloud-init[943]: |ooo* +     oo++..|
[   39.402838] cloud-init[943]: |=+E.B .   .o=+.  |
[   39.403037] cloud-init[943]: | +oo . o ...o.   |
[   39.403138] cloud-init[943]: |. .   + S  .     |
[   39.403280] cloud-init[943]: | . . . + o.      |
[   39.403436] cloud-init[943]: |  .   ..o ..     |
[   39.403581] cloud-init[943]: |     ....o..     |
[   39.403732] cloud-init[943]: |     .. ..o      |
[   39.403882] cloud-init[943]: +----[SHA256]-----+
[   39.404057] cloud-init[943]: Generating public/private dsa key pair.
[   39.404191] cloud-init[943]: Your identification has been saved in /etc/ssh/ssh_host_dsa_key.
[   39.404451] cloud-init[943]: Your public key has been saved in /etc/ssh/ssh_host_dsa_key.pub.
[[0;32m  OK  [0m] Started Daily apt download activities.
[   39.404543] cloud-init[943]: The key fingerprint is:
[   39.717094] cloud-init[943]: SHA256:rFpZdMulPtofPhE38owRK0uRAXxoHSN8g5LHUi/wZb0 root@ubuntu-xenial
[[0;32m  OK  [0m] Started Daily apt upgrade and clean activities.
[[   39.717215] cloud-init[943]: The key's randomart image is:
[   39.774378] cloud-init[943]: +---[DSA 1024]----+
[   39.774483] cloud-init[943]: |      .*+=*=     |
[   39.774622] cloud-init[943]: |      +oO=B.o    |
[0;32m  OK  [0m] Reached target Timers.
[   39.774766] cloud-init[943]: |       =+ooo.+   |
[   39.794734] cloud-init[943]: |       o +o+E o  |
[[0;32m  OK  [0m] Reached target Network is Online.
[   39.794840] cloud-init[943]: |        S.+o O . |
[   39.892428] cloud-init[943]: |       + .. o o  |
[   39.920676] cloud-init[943]: |      +   o ..   |
[   39.920873] cloud-init[943]: |     o   o o..   |
         Starting iSCSI initiator daemon (iscsid)...
[   39.921027] cloud-init[943]: |    .   . ..o.   |
[   39.950058] cloud-init[943]: +----[SHA256]-----+
[   39.950301] cloud-init[943]: Generating public/private ecdsa key pair.
[[0;32m  OK  [0m] Listening on LXD - unix socket.
[[   39.950436] cloud-init[943]: Your identification has been saved in /etc/ssh/ssh_host_ecdsa_key.
[0;32m  OK  [0m] Listening on Socket activation for snappy daemon.
[   40.043718] cloud-init[943]: Your public key has been saved in /etc/ssh/ssh_host_ecdsa_key.pub.
[   40.212629] cloud-init[943]: The key fingerprint is:
[   40.212975] cloud-init[943]: SHA256:rneubQ4PJdVtQ61xn1IgxFreWm0Y3szq3d31+3+AWVo root@ubuntu-xenial
[[0;32m  OK  [0m] Reached target Sockets.
[   40.213090] cloud-init[943]: The key's randomart image is:
[[0;32m  OK  [0m] Reached target Basic System.
[   40.471371] cloud-init[943]: +---[ECDSA 256]---+
         Starting Accounts Service...
[   40.592653] cloud-init[943]: |          oo .o. |
[   40.593729] cloud-init[943]: |           +.+..o|
[   40.672281] cloud-init[943]: |          = + %+o|
[   40.672616] cloud-init[943]: |         o . BEO.|
         Starting Pollinate to seed the pseudo random number generator...
[[   40.672746] cloud-init[943]: |        S . o*+  |
[   40.719289] cloud-init[943]: |       . o .+.. .|
[   40.719398] cloud-init[943]: |        +   . ..*|
[   40.719545] cloud-init[943]: |       ..=o  . .*|
[   40.719695] cloud-init[943]: |      ...*=    .B|
[0;32m  OK  [0m] Started Unattended Upgrades Shutdown.
[   40.719926] cloud-init[943]: +----[SHA256]-----+
[   40.823996] cloud-init[943]: Generating public/private ed25519 key pair.
[[0;32m  OK  [0m] Started Regular background program processing daemon.
[   40.825112] cloud-init[943]: Your identification has been saved in /etc/ssh/ssh_host_ed25519_key.
[   40.901826] cloud-init[943]: Your public key has been saved in /etc/ssh/ssh_host_ed25519_key.pub.
[[0;32m  OK  [0m] Started ACPI event daemon.
[   40.902194] cloud-init[943]: The key fingerprint is:
[   40.963885] cloud-init[943]: SHA256:5y3L9vfVkfV9TiPN9bcIUewgSCg4QGm1KnYFEPIUvs8 root@ubuntu-xenial
[   40.964224] cloud-init[943]: The key's randomart image is:
         Starting LSB: MD monitoring daemon...
[   40.964352] cloud-init[943]: +--[ED25519 256]--+
[   41.036622] cloud-init[943]: |=+O+  o..   ..   |
[   41.036989] cloud-init[943]: |.O .o. . . ...   |
         Starting System Logging Service...
[   41.037132] cloud-init[943]: |. +...    ..o   o|
         [   41.073305] Starting LSB: Record successful boot for GRUB...cloud-init
[943]: |  ...       ..o B|
[   41.073963] cloud-init[943]: |.o..    S .. . *B|
[   41.090031] cloud-init[943]: |o .o     o .. ooB|
[   41.092592] cloud-init[943]: |    E     o .. .+|
[   41.095431] cloud-init[943]: |         ..o  . .|
[   41.102193] cloud-init[943]: |         .o... ..|
[   41.116469] cloud-init[943]: +----[SHA256]-----+
         Starting Snappy daemon...
         Starting /etc/rc.local Compatibility...
[[0;32m  OK  [0m] Started Deferred execution scheduler.
[[0;32m  OK  [0m] Started D-Bus System Message Bus.
[[0;32m  OK  [0m] Started FUSE filesystem for LXC.
         Starting Login Service...
         Starting Apply the settings specified in cloud-config...
         Starting LXD - container startup/shutdown...
[[0;32m  OK  [0m] Started System Logging Service.
[[0;32m  OK  [0m] Started Snappy daemon.
[[0;32m  OK  [0m] Started iSCSI initiator daemon (iscsid).
[[0;32m  OK  [0m] Started Pollinate to seed the pseudo random number generator.
[[0;32m  OK  [0m] Started /etc/rc.local Compatibility.
[[0;32m  OK  [0m] Started LXD - container startup/shutdown.
[[0;32m  OK  [0m] Started LSB: MD monitoring daemon.
[[0;32m  OK  [0m] Started LSB: Record successful boot for GRUB.
         Starting Authenticate and Authorize Users to Run Privileged Tasks...
         Starting OpenBSD Secure Shell server...
         Starting Login to default iSCSI targets...
[[0;32m  OK  [0m] Started Login Service.
[[0;32m  OK  [0m] Started Authenticate and Authorize Users to Run Privileged Tasks.
[[0;32m  OK  [0m] Started OpenBSD Secure Shell server.
[[0;32m  OK  [0m] Started Accounts Service.
[   41.843587] cloud-init[1138]: Generating locales (this might take a while)...
[[0;32m  OK  [0m] Started Login to default iSCSI targets.
[[0;32m  OK  [0m] Reached target Remote File Systems (Pre).
[[0;32m  OK  [0m] Reached target Remote File Systems.
         Starting LSB: VirtualBox Linux Additions...
         Starting LSB: automatic crash report generation...
         Starting Permit User Sessions...
         Starting LSB: daemon to balance interrupts for SMP systems...
         Starting LSB: Set the CPU Frequency Scaling governor to "ondemand"...
[[0;32m  OK  [0m] Started Permit User Sessions.
         Starting Terminate Plymouth Boot Screen...
         Starting Hold until boot process finishes up...
[[0;32m  OK  [0m] Started LSB: VirtualBox Linux Additions.
[[0;32m  OK  [0m] Started LSB: automatic crash report generation.
[[0;32m  OK  [0m] Started LSB: daemon to balance interrupts for SMP systems.
[[0;32m  OK  [0m] Started LSB: Set the CPU Frequency Scaling governor to "ondemand".
[[0;32m  OK  [0m] Started Terminate Plymouth Boot Screen.
[[0;32m  OK  [0m] Started Hold until boot process finishes up.
[[0;32m  OK  [0m] Created slice User Slice of vagrant.
[[0;32m  OK  [0m] Started Session 1 of user vagrant.
         Starting User Manager for UID 1000...
[[0;32m  OK  [0m] Started Serial Getty on ttyS0.
         Starting Set console scheme...
[[0;32m  OK  [0m] Started Getty on tty1.
[[0;32m  OK  [0m] Reached target Login Prompts.
[[0;32m  OK  [0m] Reached target Multi-User System.
[[   42.616379] cloud-init[1138]:   en_US.UTF-8... done
[0;32m  OK  [0m] Reached target Graphical Interface.
[   42.636671] cloud-init[1138]: Generation complete.
         Starting Update UTMP about System Runlevel Changes...
[[0;32m  OK  [0m] Started User Manager for UID 1000.
[[0;32m  OK  [0m] Started Set console scheme.
[[0;32m  OK  [0m] Started Update UTMP about System Runlevel Changes.
[   42.846686] cloud-init[1138]: Cloud-init v. 17.2 running 'modules:config' at Thu, 22 Mar 2018 08:31:37 +0000. Up 41.57 seconds.
[[0;32m  OK  [0m] Started Apply the settings specified in cloud-config.
         Starting Execute cloud user/final scripts...
ci-info: no authorized ssh keys fingerprints found for user ubuntu.
<14>Mar 22 08:31:39 ec2: 
<14>Mar 22 08:31:39 ec2: #############################################################
<14>Mar 22 08:31:39 ec2: -----BEGIN SSH HOST KEY FINGERPRINTS-----
<14>Mar 22 08:31:39 ec2: 1024 SHA256:rFpZdMulPtofPhE38owRK0uRAXxoHSN8g5LHUi/wZb0 root@ubuntu-xenial (DSA)
<14>Mar 22 08:31:39 ec2: 256 SHA256:rneubQ4PJdVtQ61xn1IgxFreWm0Y3szq3d31+3+AWVo root@ubuntu-xenial (ECDSA)
<14>Mar 22 08:31:39 ec2: 256 SHA256:5y3L9vfVkfV9TiPN9bcIUewgSCg4QGm1KnYFEPIUvs8 root@ubuntu-xenial (ED25519)
<14>Mar 22 08:31:39 ec2: 2048 SHA256:Yo9ufREdS1eMSSuZELei650EGAgpn0SfZhOhoTj5C5U root@ubuntu-xenial (RSA)
<14>Mar 22 08:31:39 ec2: -----END SSH HOST KEY FINGERPRINTS-----
<14>Mar 22 08:31:39 ec2: #############################################################
-----BEGIN SSH HOST KEY KEYS-----
ecdsa-sha2-nistp256 AAAAE2VjZHNhLXNoYTItbmlzdHAyNTYAAAAIbmlzdHAyNTYAAABBBDBgzFKl61CwQrdrfgp6eij6c1n3A5lrGAM05QJrvDnvZa+n+ZhZp93OVCVwXQVnsyZPxU1p/raoCjATTHSF514= root@ubuntu-xenial
ssh-ed25519 AAAAC3NzaC1lZDI1NTE5AAAAICxz0qM1ETd6rkpfg3+/+ZnZi1z8pLC5n73/HvUJmmYB root@ubuntu-xenial
ssh-rsa AAAAB3NzaC1yc2EAAAADAQABAAABAQDIyHZW87t5IF0fBpgvfnGY5tvK36YyWqmLQsCyZdBXzNg0wjATLv9TSItP25I+OBtC1trY7Xh6iim4YWy3YCPv6OyQUzzWpLk+WtMnDfMe4Lk93YsJ66Xab6JLXXuiC51kkWxRfbN8ys2wlAmaZMTmMGKT5KWqMduj8LClKWxmXGU4w1YCgp7CKHqRgYGetWDWv5EFEE/nIa491QXPuVIzktNgEzEq2HKxwmjWDxDeAO0IWf0sGV/ja8+PoSt2kNiC+vCBgXnSXBHoM0oVvO+lzdQZa6hYLW7iYCU5XGIkHSijtqZIxlfQB1s40dFpiT2XlL/sFd795nOBM5YcxgHB root@ubuntu-xenial
-----END SSH HOST KEY KEYS-----
[   43.628697] cloud-init[1321]: Cloud-init v. 17.2 running 'modules:final' at Thu, 22 Mar 2018 08:31:39 +0000. Up 43.16 seconds.
[[   43.740587] cloud-init[1321]: ci-info: no authorized ssh keys fingerprints found for user ubuntu.
[   43.740856] cloud-init[1321]: Cloud-init v. 17.2 finished at Thu, 22 Mar 2018 08:31:39 +0000. Datasource DataSourceNoCloud [seed=/dev/sdb][dsmode=net].  Up 43.61 seconds
[0;32m  OK  [0m] Started Execute cloud user/final scripts.
[[0;32m  OK  [0m] Reached target Cloud-init target.

Ubuntu 16.04.4 LTS ubuntu-xenial ttyS0

ubuntu-xenial login: 